<?xml version="1.0" encoding="UTF-8"?>
<!-- Generated by org.testng.reporters.JUnitReportReporter -->
<testsuite skipped="0" hostname="TSQA-L007" name="org.testleaf.servicenow.testcases.SN_TC_01" tests="2" failures="0" timestamp="27 Sep 2019 09:00:02 GMT" time="111.276" errors="0">
  <testcase name="ServiceNowTestcase" time="52.029" classname="org.testleaf.servicenow.testcases.SN_TC_01"/>
  <testcase name="ServiceNowTestcase" time="59.247" classname="org.testleaf.servicenow.testcases.SN_TC_01"/>
</testsuite> <!-- org.testleaf.servicenow.testcases.SN_TC_01 -->
